TN:
SF:src/Driver.js
FN:5,inTransit
FN:11,deliver
FNF:2
FNH:2
FNDA:1,inTransit
FNDA:1,deliver
DA:3,1
DA:6,1
DA:7,1
DA:8,1
DA:12,1
DA:13,1
DA:14,1
DA:17,1
LF:8
LH:8
BRF:0
BRH:0
end_of_record
TN:
SF:src/Vendor.js
FN:5,pickup
FN:11,deliver
FNF:2
FNH:2
FNDA:1,pickup
FNDA:1,deliver
DA:3,1
DA:6,1
DA:7,1
DA:8,1
DA:12,1
DA:13,1
DA:14,1
DA:17,1
LF:8
LH:8
BRF:0
BRH:0
end_of_record
TN:
SF:src/eventEmitter.js
FNF:0
FNH:0
DA:3,2
DA:4,2
DA:6,2
LF:3
LH:3
BRF:0
BRH:0
end_of_record
TN:
SF:src/logEvents.js
FN:3,(anonymous_0)
FNF:1
FNH:1
FNDA:6,(anonymous_0)
DA:3,2
DA:4,6
LF:2
LH:2
BRF:0
BRH:0
end_of_record
